2024-10-17 15:25:37.631 | INFO     | run:<module>:16 - Starting the application...
2024-10-17 15:25:40.750 | INFO     | app.factory:create_app:33 - Flask app created successfully.
2024-10-17 15:30:24.626 | INFO     | run:<module>:16 - Starting the application...
2024-10-17 15:30:27.804 | INFO     | app.factory:create_app:33 - Flask app created successfully.
2024-10-17 15:41:46.527 | INFO     | run:<module>:16 - Starting the application...
2024-10-17 15:41:47.804 | INFO     | app.factory:create_app:33 - Flask app created successfully.
2024-10-17 15:53:06.124 | INFO     | run:<module>:16 - Starting the application...
2024-10-17 15:53:08.472 | INFO     | app.factory:create_app:33 - Flask app created successfully.
2024-10-17 16:01:41.962 | INFO     | run:<module>:16 - Starting the application...
2024-10-17 16:04:41.327 | INFO     | run:<module>:16 - Starting the application...
2024-10-17 16:04:43.916 | INFO     | app.factory:create_app:42 - Flask app created successfully.
2024-10-17 16:11:11.151 | INFO     | run:<module>:16 - Starting the application...
2024-10-17 16:11:12.706 | INFO     | app.factory:create_app:42 - Flask app created successfully.
2024-10-17 16:13:40.727 | INFO     | run:<module>:16 - Starting the application...
2024-10-17 16:13:43.301 | INFO     | app.factory:create_app:32 - Flask app created successfully.
2024-10-17 16:21:13.940 | INFO     | run:<module>:16 - Starting the application...
2024-10-17 16:21:16.856 | INFO     | app.factory:create_app:33 - Flask app created successfully.
2024-10-17 16:27:54.931 | INFO     | run:<module>:16 - Starting the application...
2024-10-17 16:28:00.960 | INFO     | app.factory:create_app:33 - Flask app created successfully.
2024-10-17 16:34:52.124 | INFO     | run:<module>:16 - Starting the application...
2024-10-17 16:34:56.809 | INFO     | app.factory:create_app:42 - Flask app created successfully.
2024-10-17 16:34:56.809 | INFO     | app.factory:create_app:42 - Flask app created successfully.
2024-10-17 16:39:14.936 | INFO     | run:<module>:16 - Starting the application...
2024-10-17 16:40:44.723 | INFO     | run:<module>:16 - Starting the application...
2024-10-17 16:40:49.308 | INFO     | app.factory:create_app:42 - Flask app created successfully.
2024-10-17 16:40:49.308 | INFO     | app.factory:create_app:42 - Flask app created successfully.
2024-10-17 16:47:27.652 | INFO     | run:<module>:16 - Starting the application...
2024-10-17 16:47:33.281 | INFO     | app.factory:create_app:44 - Flask app created successfully.
2024-10-17 16:47:33.281 | INFO     | app.factory:create_app:44 - Flask app created successfully.
2024-10-17 16:52:11.747 | INFO     | run:<module>:16 - Starting the application...
2024-10-17 16:52:14.372 | INFO     | app.factory:create_app:46 - Flask app created successfully.
2024-10-17 16:52:14.372 | INFO     | app.factory:create_app:46 - Flask app created successfully.
2024-10-17 16:56:07.992 | INFO     | run:<module>:16 - Starting the application...
2024-10-17 16:56:08.001 | INFO     | app.factory:create_app:25 - Flask app created successfully.
2024-10-17 17:04:42.354 | INFO     | run:<module>:16 - Starting the application...
2024-10-17 17:04:42.362 | INFO     | app.factory:create_app:22 - Flask app created successfully.
2024-10-17 17:05:40.614 | INFO     | run:<module>:16 - Starting the application...
2024-10-17 17:05:40.619 | INFO     | app.factory:create_app:22 - Flask app created successfully.
2024-10-17 17:15:52.918 | INFO     | run:<module>:16 - Starting the application...
2024-10-17 17:15:52.929 | INFO     | app.factory:create_app:22 - Flask app created successfully.
2024-10-17 17:16:01.157 | INFO     | app.routes.aws_routes:list_ec2_instances:28 - Received request to list EC2 instances.
2024-10-17 17:16:01.162 | INFO     | helpers.aws_helpers:describe_ec2_instances:19 - Describing EC2 instances...
2024-10-17 17:16:27.894 | ERROR    | helpers.aws_helpers:describe_ec2_instances:23 - Error retrieving EC2 instances: An error occurred (AuthFailure) when calling the DescribeInstances operation: AWS was not able to validate the provided access credentials
2024-10-17 17:16:27.898 | INFO     | app.routes.aws_routes:list_ec2_instances:31 - Successfully retrieved instances: {'error': 'An error occurred (AuthFailure) when calling the DescribeInstances operation: AWS was not able to validate the provided access credentials'}
2024-10-17 17:23:35.484 | INFO     | run:<module>:16 - Starting the application...
2024-10-17 17:23:35.489 | INFO     | app.factory:create_app:22 - Flask app created successfully.
2024-10-17 17:23:42.494 | INFO     | app.routes.aws_routes:create_instance:41 - Received request to create an EC2 instance.
2024-10-17 17:23:42.501 | ERROR    | app.factory:handle_exception:19 - Unhandled Exception: 415 Unsupported Media Type: Did not attempt to load JSON data because the request Content-Type was not 'application/json'.
2024-10-17 17:26:40.134 | INFO     | run:<module>:16 - Starting the application...
2024-10-17 17:26:40.141 | INFO     | app.factory:create_app:22 - Flask app created successfully.
2024-10-17 17:26:52.980 | INFO     | app.routes.aws_routes:create_instance:41 - Received request to create an EC2 instance.
2024-10-17 17:26:52.983 | INFO     | helpers.aws_helpers:create_ec2_instance:30 - Creating EC2 instance: Type=t2.micro, ImageId=ami-0c55b159cbfafe1f0, MinCount=1, MaxCount=1
2024-10-17 17:27:20.680 | ERROR    | helpers.aws_helpers:create_ec2_instance:39 - Error creating EC2 instance: An error occurred (AuthFailure) when calling the RunInstances operation: AWS was not able to validate the provided access credentials
2024-10-17 17:27:20.682 | INFO     | app.routes.aws_routes:create_instance:53 - Successfully created instance: {'error': 'An error occurred (AuthFailure) when calling the RunInstances operation: AWS was not able to validate the provided access credentials'}
2024-10-17 17:30:12.139 | INFO     | run:<module>:16 - Starting the application...
2024-10-17 17:30:12.143 | INFO     | app.factory:create_app:22 - Flask app created successfully.
2024-10-17 17:31:36.920 | INFO     | app.routes.aws_routes:create_instance:41 - Received request to create an EC2 instance.
2024-10-17 17:31:36.926 | INFO     | helpers.aws_helpers:create_ec2_instance:30 - Creating EC2 instance: Type=t2.micro, ImageId=ami-0c55b159cbfafe1f0, MinCount=1, MaxCount=1
2024-10-17 17:32:04.009 | ERROR    | helpers.aws_helpers:create_ec2_instance:39 - Error creating EC2 instance: An error occurred (AuthFailure) when calling the RunInstances operation: AWS was not able to validate the provided access credentials
2024-10-17 17:32:04.011 | INFO     | app.routes.aws_routes:create_instance:53 - Successfully created instance: {'error': 'An error occurred (AuthFailure) when calling the RunInstances operation: AWS was not able to validate the provided access credentials'}
2024-10-17 18:01:46.920 | INFO     | run:<module>:16 - Starting the application...
2024-10-17 18:01:46.925 | INFO     | app.factory:create_app:22 - Flask app created successfully.
2024-10-18 10:05:38.791 | INFO     | run:<module>:16 - Starting the application...
2024-10-18 10:05:38.794 | INFO     | app.factory:create_app:22 - Flask app created successfully.
2024-10-18 10:13:53.090 | INFO     | run:<module>:16 - Starting the application...
2024-10-18 10:13:53.092 | INFO     | app.factory:create_app:22 - Flask app created successfully.
2024-10-18 10:19:37.441 | INFO     | run:<module>:17 - Starting the application...
2024-10-18 10:19:37.444 | INFO     | app.factory:create_app:22 - Flask app created successfully.
2024-10-18 10:36:31.950 | INFO     | run:<module>:17 - Starting the application...
2024-10-18 10:36:31.952 | INFO     | app.factory:create_app:22 - Flask app created successfully.
2024-10-18 10:45:15.499 | INFO     | run:<module>:17 - Starting the application...
2024-10-18 10:45:15.502 | INFO     | app.factory:create_app:22 - Flask app created successfully.
2024-10-18 11:13:06.308 | INFO     | __main__:<module>:17 - Starting the application...
2024-10-18 11:13:06.311 | INFO     | app.factory:create_app:22 - Flask app created successfully.
2024-10-18 11:13:15.836 | INFO     | __main__:<module>:17 - Starting the application...
2024-10-18 11:13:15.838 | INFO     | app.factory:create_app:22 - Flask app created successfully.
2024-10-18 11:36:25.908 | INFO     | run:<module>:15 - Starting the application...
2024-10-18 11:36:25.911 | INFO     | app.factory:create_app:22 - Flask app created successfully.
2024-10-18 12:15:40.205 | INFO     | run:<module>:16 - Starting the application...
2024-10-18 12:15:40.207 | INFO     | app.factory:create_app:22 - Flask app created successfully.
2024-10-18 10:30:47.773 | INFO     | run:<module>:16 - Starting the application...
2024-10-18 10:30:47.777 | INFO     | app.factory:create_app:22 - Flask app created successfully.
2024-10-18 at 10:37:14 | INFO | Connected to Elasticsearch successfully!
2024-10-18 at 10:37:14 | INFO | Starting the application...
2024-10-18 at 10:37:14 | INFO | Flask app created successfully.
2024-10-18 at 10:38:56 | INFO | Connected to Elasticsearch successfully!
2024-10-18 at 10:38:56 | INFO | Starting the application...
2024-10-18 at 10:38:57 | INFO | Flask app created successfully.
2024-10-18 at 10:41:04 | INFO | Connected to Elasticsearch successfully!
2024-10-18 at 10:41:04 | INFO | Starting the application...
2024-10-18 at 10:41:05 | INFO | Flask app created successfully.
2024-10-18 at 10:43:01 | ERROR | Unhandled Exception: 405 Method Not Allowed: The method is not allowed for the requested URL.
2024-10-18 at 10:47:36 | INFO | Connected to Elasticsearch successfully!
2024-10-18 at 10:47:36 | INFO | Starting the application...
2024-10-18 at 10:47:36 | INFO | Flask app created successfully.
2024-10-18 at 10:49:27 | INFO | Connected to Elasticsearch successfully!
2024-10-18 at 10:49:27 | INFO | Starting the application...
2024-10-18 at 10:49:27 | INFO | Flask app created successfully.
